<?xml version="1.0" encoding="utf-8"?><testsuites name="pytest tests"><testsuite name="pytest" errors="0" failures="0" skipped="0" tests="10" time="1.358" timestamp="2026-05-02T05:55:18.265871+00:00" hostname="agent-env-3025afb2-9f58-4efb-ab7d-d71f9d48ec1d"><testcase classname="backend.tests.test_airport_demo" name="test_tts_speak_sage_returns_audio" time="0.195" /><testcase classname="backend.tests.test_airport_demo" name="test_save_progress_airport" time="0.239" /><testcase classname="backend.tests.test_airport_demo" name="test_save_progress_airport_midway" time="0.103" /><testcase classname="backend.tests.test_airport_demo" name="test_public_pages_load[/demo/noldus]" time="0.120" /><testcase classname="backend.tests.test_airport_demo" name="test_public_pages_load[/demo/supermarket]" time="0.121" /><testcase classname="backend.tests.test_airport_demo" name="test_public_pages_load[/demo/realtor]" time="0.103" /><testcase classname="backend.tests.test_airport_demo" name="test_public_pages_load[/demo/insurance]" time="0.105" /><testcase classname="backend.tests.test_airport_demo" name="test_public_pages_load[/demo/creator]" time="0.104" /><testcase classname="backend.tests.test_airport_demo" name="test_public_pages_load[/demo/airport]" time="0.100" /><testcase classname="backend.tests.test_airport_demo" name="test_public_pages_load[/]" time="0.106" /></testsuite></testsuites>