<?xml version="1.0" encoding="utf-8"?><testsuites name="pytest tests"><testsuite name="pytest" errors="0" failures="0" skipped="0" tests="18" time="3.155" timestamp="2026-05-02T19:37:54.226676+00:00" hostname="agent-env-3025afb2-9f58-4efb-ab7d-d71f9d48ec1d"><testcase classname="backend.tests.test_iter35_revenue_activation.TestCreateCheckoutSession" name="test_valid_starter_price_test_mode_returns_502" time="0.558" /><testcase classname="backend.tests.test_iter35_revenue_activation.TestCreateCheckoutSession" name="test_valid_growth_price_test_mode_returns_502" time="0.239" /><testcase classname="backend.tests.test_iter35_revenue_activation.TestCreateCheckoutSession" name="test_valid_pro_price_test_mode_returns_502" time="0.238" /><testcase classname="backend.tests.test_iter35_revenue_activation.TestCreateCheckoutSession" name="test_valid_foundations_one_time_returns_502" time="0.237" /><testcase classname="backend.tests.test_iter35_revenue_activation.TestCreateCheckoutSession" name="test_valid_applied_one_time_returns_502" time="0.283" /><testcase classname="backend.tests.test_iter35_revenue_activation.TestCreateCheckoutSession" name="test_strategy_price_returns_403_application_required" time="0.059" /><testcase classname="backend.tests.test_iter35_revenue_activation.TestCreateCheckoutSession" name="test_unknown_price_id_returns_400" time="0.059" /><testcase classname="backend.tests.test_iter35_revenue_activation.TestCreateCheckoutSession" name="test_missing_price_id_returns_422" time="0.058" /><testcase classname="backend.tests.test_iter35_revenue_activation.TestSubmitApplication" name="test_submit_basic_returns_ok_with_priority" time="0.060" /><testcase classname="backend.tests.test_iter35_revenue_activation.TestSubmitApplication" name="test_priority_500k_to_1m_is_high" time="0.056" /><testcase classname="backend.tests.test_iter35_revenue_activation.TestSubmitApplication" name="test_priority_over_1m_is_urgent" time="0.053" /><testcase classname="backend.tests.test_iter35_revenue_activation.TestSubmitApplication" name="test_priority_no_revenue_is_standard" time="0.055" /><testcase classname="backend.tests.test_iter35_revenue_activation.TestSubmitApplication" name="test_priority_deal_size_1m_plus_is_urgent" time="0.051" /><testcase classname="backend.tests.test_iter35_revenue_activation.TestSubmitApplication" name="test_validation_missing_full_name" time="0.063" /><testcase classname="backend.tests.test_iter35_revenue_activation.TestSubmitApplication" name="test_validation_missing_email" time="0.056" /><testcase classname="backend.tests.test_iter35_revenue_activation.TestSubmitApplication" name="test_validation_short_use_case" time="0.057" /><testcase classname="backend.tests.test_iter35_revenue_activation.TestApplicationPersistence" name="test_application_creates_enterprise_and_ops_lead" time="0.723" /><testcase classname="backend.tests.test_iter35_revenue_activation.TestStripeWebhook" name="test_webhook_missing_signature_returns_400" time="0.165" /></testsuite></testsuites>