<?xml version="1.0" encoding="utf-8"?><testsuites name="pytest tests"><testsuite name="pytest" errors="0" failures="0" skipped="0" tests="11" time="9.149" timestamp="2026-05-06T11:44:37.269074+00:00" hostname="agent-env-3025afb2-9f58-4efb-ab7d-d71f9d48ec1d"><testcase classname="backend.tests.test_iter68_worker_telemetry.TestAuthGating" name="test_worker_status_requires_founder" time="0.372" /><testcase classname="backend.tests.test_iter68_worker_telemetry.TestAuthGating" name="test_worker_status_missing_body" time="0.102" /><testcase classname="backend.tests.test_iter68_worker_telemetry.TestWorkerStatusStructure" name="test_worker_status_returns_expected_shape" time="0.211" /><testcase classname="backend.tests.test_iter68_worker_telemetry.TestWorkerStatusStructure" name="test_dashboard_embeds_system_status" time="0.090" /><testcase classname="backend.tests.test_iter68_worker_telemetry.TestHeartbeatPresence" name="test_scheduler_loop_heartbeat_present" time="0.078" /><testcase classname="backend.tests.test_iter68_worker_telemetry.TestHeartbeatPresence" name="test_business_activation_nurture_heartbeat_present" time="0.083" /><testcase classname="backend.tests.test_iter68_worker_telemetry.TestHeartbeatPresence" name="test_imap_poller_optional_when_env_unset" time="0.111" /><testcase classname="backend.tests.test_iter68_worker_telemetry.TestPauseFlow" name="test_pause_flips_to_yellow_then_resume_green" time="2.491" /><testcase classname="backend.tests.test_iter68_worker_telemetry.TestFaultInjection" name="test_stale_high_error_worker_flips_red" time="0.186" /><testcase classname="backend.tests.test_iter68_worker_telemetry.TestAutopilotCycleHeartbeat" name="test_autopilot_now_eventually_writes_heartbeat" time="5.242" /><testcase classname="backend.tests.test_iter68_worker_telemetry.TestRegressionDashboard" name="test_dashboard_has_kpi_fields" time="0.117" /></testsuite></testsuites>