<?xml version="1.0" encoding="utf-8"?><testsuites name="pytest tests"><testsuite name="pytest" errors="0" failures="0" skipped="0" tests="10" time="1.630" timestamp="2026-05-06T01:27:15.420937+00:00" hostname="agent-env-3025afb2-9f58-4efb-ab7d-d71f9d48ec1d"><testcase classname="backend.tests.test_iter63_website_publish.TestWebsitePublish" name="test_publish_success_returns_public_url" time="0.284" /><testcase classname="backend.tests.test_iter63_website_publish.TestWebsitePublish" name="test_publish_slug_collision_resolves" time="0.143" /><testcase classname="backend.tests.test_iter63_website_publish.TestWebsitePublish" name="test_publish_missing_brand_400" time="0.160" /><testcase classname="backend.tests.test_iter63_website_publish.TestFetchPublished" name="test_fetch_bumps_visit_count_and_404" time="0.322" /><testcase classname="backend.tests.test_iter63_website_publish.TestPublishedLead" name="test_lead_with_email_creates_lead_id" time="0.141" /><testcase classname="backend.tests.test_iter63_website_publish.TestPublishedLead" name="test_lead_no_email_or_phone_400" time="0.070" /><testcase classname="backend.tests.test_iter63_website_publish.TestPublishedLead" name="test_lead_unknown_slug_404" time="0.070" /><testcase classname="backend.tests.test_iter63_website_publish.TestConnectDomain" name="test_connect_domain_returns_dns_instructions" time="0.211" /><testcase classname="backend.tests.test_iter63_website_publish.TestConnectDomain" name="test_connect_domain_rejects_malformed" time="0.067" /><testcase classname="backend.tests.test_iter63_website_publish.TestConnectDomain" name="test_connect_domain_unknown_slug_404" time="0.082" /></testsuite></testsuites>