<?xml version="1.0" encoding="utf-8"?><testsuites name="pytest tests"><testsuite name="pytest" errors="0" failures="0" skipped="0" tests="19" time="3.029" timestamp="2026-04-25T22:17:08.172111+00:00" hostname="agent-env-3025afb2-9f58-4efb-ab7d-d71f9d48ec1d"><testcase classname="backend.tests.test_bodyiq_step1.TestHealth" name="test_root" time="0.256" /><testcase classname="backend.tests.test_bodyiq_step1.TestHealth" name="test_health_endpoint_does_not_exist" time="0.051" /><testcase classname="backend.tests.test_bodyiq_step1.TestSubscriptions" name="test_list_subscriptions" time="0.057" /><testcase classname="backend.tests.test_bodyiq_step1.TestSubscriptions" name="test_subscription_checkout_starter" time="0.584" /><testcase classname="backend.tests.test_bodyiq_step1.TestSubscriptions" name="test_subscription_checkout_pro" time="0.453" /><testcase classname="backend.tests.test_bodyiq_step1.TestSubscriptions" name="test_subscription_invalid_plan_rejected" time="0.047" /><testcase classname="backend.tests.test_bodyiq_step1.TestOneTimeCheckout" name="test_checkout_foundations_400" time="0.425" /><testcase classname="backend.tests.test_bodyiq_step1.TestOneTimeCheckout" name="test_checkout_applied_1500" time="0.443" /><testcase classname="backend.tests.test_bodyiq_step1.TestOneTimeCheckout" name="test_checkout_high_ticket_7k_rejected" time="0.046" /><testcase classname="backend.tests.test_bodyiq_step1.TestOneTimeCheckout" name="test_checkout_high_ticket_27k_rejected" time="0.047" /><testcase classname="backend.tests.test_bodyiq_step1.TestApplications" name="test_submit_strategy_7k_application" time="0.148" /><testcase classname="backend.tests.test_bodyiq_step1.TestApplications" name="test_submit_full_training_27k_application" time="0.048" /><testcase classname="backend.tests.test_bodyiq_step1.TestApplications" name="test_application_invalid_program_rejected" time="0.045" /><testcase classname="backend.tests.test_bodyiq_step1.TestPicker" name="test_track_realtor_click" time="0.058" /><testcase classname="backend.tests.test_bodyiq_step1.TestPicker" name="test_track_insurance_click" time="0.046" /><testcase classname="backend.tests.test_bodyiq_step1.TestPicker" name="test_admin_picker_stats" time="0.049" /><testcase classname="backend.tests.test_bodyiq_step1.TestPicker" name="test_admin_picker_stats_unauth" time="0.047" /><testcase classname="backend.tests.test_bodyiq_step1.TestAdminAuth" name="test_login_invalid_password" time="0.046" /><testcase classname="backend.tests.test_bodyiq_step1.TestAdminAuth" name="test_admin_applications_unauth" time="0.048" /></testsuite></testsuites>