<?xml version="1.0" encoding="utf-8"?><testsuites name="pytest tests"><testsuite name="pytest" errors="0" failures="0" skipped="0" tests="14" time="230.299" timestamp="2026-05-05T14:25:34.453329+00:00" hostname="agent-env-3025afb2-9f58-4efb-ab7d-d71f9d48ec1d"><testcase classname="backend.tests.test_iter59_orchestrator.TestOrchestratorRun" name="test_real_estate_classification" time="41.351" /><testcase classname="backend.tests.test_iter59_orchestrator.TestOrchestratorRun" name="test_energy_classification" time="41.541" /><testcase classname="backend.tests.test_iter59_orchestrator.TestOrchestratorRun" name="test_startup_classification" time="25.941" /><testcase classname="backend.tests.test_iter59_orchestrator.TestOrchestratorRun" name="test_email_degraded_without_resend_key" time="0.001" /><testcase classname="backend.tests.test_iter59_orchestrator.TestOrchestratorRun" name="test_run_persisted_completed_with_4_steps" time="1.263" /><testcase classname="backend.tests.test_iter59_orchestrator.TestOrchestratorRun" name="test_outreach_email_constraints" time="0.072" /><testcase classname="backend.tests.test_iter59_orchestrator.TestOrchestratorRun" name="test_lead_locked_to_founder" time="0.073" /><testcase classname="backend.tests.test_iter59_orchestrator.TestOrchestratorList" name="test_list_returns_runs_and_kpi" time="0.098" /><testcase classname="backend.tests.test_iter59_orchestrator.TestOrchestratorList" name="test_list_requires_auth" time="0.069" /><testcase classname="backend.tests.test_iter59_orchestrator.TestOrchestratorDetail" name="test_detail_unknown_run_returns_404" time="0.078" /><testcase classname="backend.tests.test_iter59_orchestrator.TestRunOnLead" name="test_run_on_existing_lead" time="57.794" /><testcase classname="backend.tests.test_iter59_orchestrator.TestRunOnLead" name="test_run_on_unknown_lead_returns_404" time="0.076" /><testcase classname="backend.tests.test_iter59_orchestrator.TestBusinessActivationAutoTrigger" name="test_capture_with_outbound_help_true_triggers_orchestrator" time="46.626" /><testcase classname="backend.tests.test_iter59_orchestrator.TestBusinessActivationAutoTrigger" name="test_capture_with_outbound_help_false_no_orchestrator" time="15.242" /></testsuite></testsuites>