<?xml version="1.0" encoding="utf-8"?><testsuites name="pytest tests"><testsuite name="pytest" errors="0" failures="0" skipped="0" tests="12" time="1.076" timestamp="2026-05-08T06:56:25.329400+00:00" hostname="agent-env-3025afb2-9f58-4efb-ab7d-d71f9d48ec1d"><testcase classname="backend.tests.test_iter89_deploy_readiness.TestDeployReadiness" name="test_endpoint_returns_200" time="0.199" /><testcase classname="backend.tests.test_iter89_deploy_readiness.TestDeployReadiness" name="test_verdict_green_and_critical_clean" time="0.098" /><testcase classname="backend.tests.test_iter89_deploy_readiness.TestDeployReadiness" name="test_lint_clean" time="0.095" /><testcase classname="backend.tests.test_iter89_deploy_readiness.TestDeployReadiness" name="test_no_eval_in_backend" time="0.128" /><testcase classname="backend.tests.test_iter89_deploy_readiness.TestDeployReadiness" name="test_known_prod_only_secrets_absent_in_preview" time="0.091" /><testcase classname="backend.tests.test_iter89_deploy_readiness.TestStartupLaunchHealth" name="test_health_ok" time="0.050" /><testcase classname="backend.tests.test_iter89_deploy_readiness.TestSystemPulse" name="test_pulse_shape" time="0.055" /><testcase classname="backend.tests.test_iter89_deploy_readiness.TestPiiSafety" name="test_system_pulse_no_pii" time="0.061" /><testcase classname="backend.tests.test_iter89_deploy_readiness.TestPiiSafety" name="test_action_lookup_no_pii" time="0.060" /><testcase classname="backend.tests.test_iter89_deploy_readiness.TestPiiSafety" name="test_action_lookup_returns_event" time="0.048" /><testcase classname="backend.tests.test_iter89_deploy_readiness.TestStartupLaunchValidation" name="test_generate_validation_rejects_empty" time="0.051" /><testcase classname="backend.tests.test_iter89_deploy_readiness.TestStartupLaunchValidation" name="test_get_nonexistent_plan_404" time="0.049" /></testsuite></testsuites>