<?xml version="1.0" encoding="utf-8"?><testsuites name="pytest tests"><testsuite name="pytest" errors="0" failures="0" skipped="0" tests="4" time="57.828" timestamp="2026-05-05T12:52:59.920542+00:00" hostname="agent-env-3025afb2-9f58-4efb-ab7d-d71f9d48ec1d"><testcase classname="backend.tests.test_iter56_business_builder.TestToolsCatalog" name="test_list_tools_returns_17" time="0.454" /><testcase classname="backend.tests.test_iter56_business_builder.TestGenerate" name="test_generate_startup_checklist_texas_llc" time="37.925" /><testcase classname="backend.tests.test_iter56_business_builder.TestGenerate" name="test_generate_break_even_has_numbers" time="19.180" /><testcase classname="backend.tests.test_iter56_business_builder.TestGenerate" name="test_generate_unknown_tool_returns_400" time="0.196" /></testsuite></testsuites>