<?xml version="1.0" encoding="utf-8"?><testsuites name="pytest tests"><testsuite name="pytest" errors="0" failures="0" skipped="0" tests="14" time="109.604" timestamp="2026-05-05T14:55:39.991114+00:00" hostname="agent-env-3025afb2-9f58-4efb-ab7d-d71f9d48ec1d"><testcase classname="tests.test_iter60_signal_correction.TestCaptureSignalScoring" name="test_capture_lead_signal_score_and_region" time="0.253" /><testcase classname="tests.test_iter60_signal_correction.TestCaptureSignalScoring" name="test_capture_with_help_triggers_orchestrator_signal_entries" time="38.991" /><testcase classname="tests.test_iter60_signal_correction.TestCaptureSignalScoring" name="test_capture_no_help_no_orchestrator_entry" time="12.936" /><testcase classname="tests.test_iter60_signal_correction.TestSignalCapAndThreshold" name="test_score_caps_at_100" time="3.621" /><testcase classname="tests.test_iter60_signal_correction.TestSignalCapAndThreshold" name="test_threshold_hot_fires_once_no_twilio" time="0.081" /><testcase classname="tests.test_iter60_signal_correction.TestCorrectionAgent" name="test_recovers_on_second_attempt" time="2.207" /><testcase classname="tests.test_iter60_signal_correction.TestCorrectionAgent" name="test_exhausts_three_attempts_and_raises" time="10.215" /><testcase classname="tests.test_iter60_signal_correction.TestCorrectionAgent" name="test_backoff_timing" time="10.014" /><testcase classname="tests.test_iter60_signal_correction.TestRegionBounds" name="test_region_80_chars_ok" time="0.072" /><testcase classname="tests.test_iter60_signal_correction.TestRegionBounds" name="test_region_81_chars_rejected" time="0.067" /><testcase classname="tests.test_iter60_signal_correction.TestNoComplianceContent" name="test_no_dre_or_state_specific_compliance_in_response" time="0.072" /><testcase classname="tests.test_iter60_signal_correction.TestRegression" name="test_business_builder_tools_returns_17" time="0.058" /><testcase classname="tests.test_iter60_signal_correction.TestRegression" name="test_orchestrator_list_still_works" time="0.096" /><testcase classname="tests.test_iter60_signal_correction.TestRegression" name="test_agent_runs_region_persisted" time="30.850" /></testsuite></testsuites>