<?xml version="1.0" encoding="utf-8"?><testsuites name="pytest tests"><testsuite name="pytest" errors="0" failures="0" skipped="0" tests="16" time="7.876" timestamp="2026-05-05T04:52:23.194886+00:00" hostname="agent-env-3025afb2-9f58-4efb-ab7d-d71f9d48ec1d"><testcase classname="backend.tests.test_iter55_client_delivery.TestAutoOnboarding" name="test_onboarded_creates_workspace_with_6_tasks_and_welcome" time="0.472" /><testcase classname="backend.tests.test_iter55_client_delivery.TestAutoOnboarding" name="test_idempotent_second_won_flip" time="0.249" /><testcase classname="backend.tests.test_iter55_client_delivery.TestClientList" name="test_founder_list_returns_counts" time="0.148" /><testcase classname="backend.tests.test_iter55_client_delivery.TestTaskToggleAutoSync" name="test_toggle_one_task_flips_to_in_progress" time="0.106" /><testcase classname="backend.tests.test_iter55_client_delivery.TestTaskToggleAutoSync" name="test_complete_all_tasks_flips_to_completed" time="0.529" /><testcase classname="backend.tests.test_iter55_client_delivery.TestFounderActions" name="test_set_status_valid" time="0.129" /><testcase classname="backend.tests.test_iter55_client_delivery.TestFounderActions" name="test_set_status_invalid_rejected" time="0.098" /><testcase classname="backend.tests.test_iter55_client_delivery.TestFounderActions" name="test_founder_reply_appends_message" time="0.099" /><testcase classname="backend.tests.test_iter55_client_delivery.TestFounderActions" name="test_resend_magic_returns_delivered_to" time="0.100" /><testcase classname="backend.tests.test_iter55_client_delivery.TestFounderActions" name="test_inactive_flag_check" time="0.138" /><testcase classname="backend.tests.test_iter55_client_delivery.TestPublicPortal" name="test_portal_access_valid_token" time="0.239" /><testcase classname="backend.tests.test_iter55_client_delivery.TestPublicPortal" name="test_portal_access_invalid_token" time="0.140" /><testcase classname="backend.tests.test_iter55_client_delivery.TestPublicPortal" name="test_portal_message_creates_client_msg" time="0.132" /><testcase classname="backend.tests.test_iter55_client_delivery.TestPublicPortal" name="test_portal_upload_small_png_ok" time="0.113" /><testcase classname="backend.tests.test_iter55_client_delivery.TestPublicPortal" name="test_portal_upload_too_large_returns_413" time="0.481" /><testcase classname="backend.tests.test_iter55_client_delivery.TestAvatarClientPortal" name="test_delivery_mode_no_upsell" time="4.640" /></testsuite></testsuites>