<?xml version="1.0" encoding="utf-8"?><testsuites name="pytest tests"><testsuite name="pytest" errors="0" failures="0" skipped="0" tests="17" time="37.812" timestamp="2026-05-06T04:57:00.346889+00:00" hostname="agent-env-3025afb2-9f58-4efb-ab7d-d71f9d48ec1d"><testcase classname="backend.tests.test_iter66_outbound_engine.TestBackend1ListAdapters" name="test_list_returns_5_adapters" time="0.202" /><testcase classname="backend.tests.test_iter66_outbound_engine.TestBackend2_3_4_UploadCsv" name="test_upload_csv_initial" time="1.286" /><testcase classname="backend.tests.test_iter66_outbound_engine.TestBackend2_3_4_UploadCsv" name="test_upload_csv_dedup" time="0.131" /><testcase classname="backend.tests.test_iter66_outbound_engine.TestBackend2_3_4_UploadCsv" name="test_recent_filings_have_enrichment" time="0.056" /><testcase classname="backend.tests.test_iter66_outbound_engine.TestBackend2_3_4_UploadCsv" name="test_list_last_run_populated" time="0.048" /><testcase classname="backend.tests.test_iter66_outbound_engine.TestBackend5_6_14_Autopilot" name="test_autopilot_now_returns_ok" time="0.054" /><testcase classname="backend.tests.test_iter66_outbound_engine.TestBackend5_6_14_Autopilot" name="test_dashboard_has_results" time="35.246" /><testcase classname="backend.tests.test_iter66_outbound_engine.TestBackend5_6_14_Autopilot" name="test_total_prospects_above_zero" time="0.000" /><testcase classname="backend.tests.test_iter66_outbound_engine.TestBackend7DashboardCounters" name="test_counters_shape" time="0.059" /><testcase classname="backend.tests.test_iter66_outbound_engine.TestBackend12DailyCap" name="test_get_state_default_cap" time="0.049" /><testcase classname="backend.tests.test_iter66_outbound_engine.TestBackend12DailyCap" name="test_set_daily_limit_admin_override" time="0.096" /><testcase classname="backend.tests.test_iter66_outbound_engine.TestBackend10Unsubscribe" name="test_unsubscribe_flow" time="0.168" /><testcase classname="backend.tests.test_iter66_outbound_engine.TestBackend13RiskLevel" name="test_risk_level_present" time="0.057" /><testcase classname="backend.tests.test_iter66_outbound_engine.TestLiveFeed" name="test_live_feed_has_state_filing_run" time="0.051" /><testcase classname="backend.tests.test_iter66_outbound_engine.TestRegression" name="test_dashboard_endpoint" time="0.054" /><testcase classname="backend.tests.test_iter66_outbound_engine.TestRegression" name="test_state_endpoint" time="0.049" /><testcase classname="backend.tests.test_iter66_outbound_engine.TestRegression" name="test_prospects_list_endpoint" time="0.091" /></testsuite></testsuites>