<?xml version="1.0" encoding="utf-8"?><testsuites name="pytest tests"><testsuite name="pytest" errors="0" failures="0" skipped="0" tests="13" time="27.345" timestamp="2026-05-03T16:18:05.983307+00:00" hostname="agent-env-3025afb2-9f58-4efb-ab7d-d71f9d48ec1d"><testcase classname="backend.tests.test_iter29_outbound_phase3.TestSourcesStatus" name="test_sources_status_shape" time="4.673" /><testcase classname="backend.tests.test_iter29_outbound_phase3.TestAutopilotNow" name="test_autopilot_now_founder_full_cycle" time="17.426" /><testcase classname="backend.tests.test_iter29_outbound_phase3.TestAutopilotNow" name="test_autopilot_now_executive_403" time="0.431" /><testcase classname="backend.tests.test_iter29_outbound_phase3.TestAutopilotNow" name="test_autopilot_now_no_auth_401" time="0.106" /><testcase classname="backend.tests.test_iter29_outbound_phase3.TestAutopilotHistory" name="test_history_returns_runs" time="0.112" /><testcase classname="backend.tests.test_iter29_outbound_phase3.TestClayWebhook" name="test_clay_webhook_not_configured" time="0.104" /><testcase classname="backend.tests.test_iter29_outbound_phase3.TestDashboard" name="test_dashboard_has_new_fields" time="0.124" /><testcase classname="backend.tests.test_iter29_outbound_phase3.TestMarkRepliedCategories" name="test_unsubscribe_sets_flags" time="0.339" /><testcase classname="backend.tests.test_iter29_outbound_phase3.TestMarkRepliedCategories" name="test_needs_demo_status_replied_positive" time="3.578" /><testcase classname="backend.tests.test_iter29_outbound_phase3.TestMarkRepliedCategories" name="test_not_interested_auto_suppressed" time="0.364" /><testcase classname="backend.tests.test_iter29_outbound_phase3" name="test_followup_offsets_and_categories_in_code" time="0.000" /><testcase classname="backend.tests.test_iter29_outbound_phase3" name="test_lead_sources_module_exists_and_unconfigured" time="0.000" /><testcase classname="backend.tests.test_iter29_outbound_phase3" name="test_server_startup_log_line_in_source" time="0.001" /></testsuite></testsuites>