<?xml version="1.0" encoding="utf-8"?><testsuites name="pytest tests"><testsuite name="pytest" errors="0" failures="0" skipped="0" tests="13" time="4.035" timestamp="2026-05-05T04:33:28.187678+00:00" hostname="agent-env-3025afb2-9f58-4efb-ab7d-d71f9d48ec1d"><testcase classname="backend.tests.test_iter54_start_engine.TestFounderAccess" name="test_founder_access_returns_token_and_portal_redirect" time="0.124" /><testcase classname="backend.tests.test_iter54_start_engine.TestFounderAccess" name="test_founder_me_onboarding_complete_true" time="0.048" /><testcase classname="backend.tests.test_iter54_start_engine.TestStartEngineStatus" name="test_status_returns_plan_limits_default" time="0.043" /><testcase classname="backend.tests.test_iter54_start_engine.TestStartEngineAnalytics" name="test_analytics_founder_payload" time="0.051" /><testcase classname="backend.tests.test_iter54_start_engine.TestStartEngineAnalytics" name="test_analytics_unauth_rejected" time="0.042" /><testcase classname="backend.tests.test_iter54_start_engine.TestStartupCheckout" name="test_checkout_returns_503_when_price_missing[startup_launch_monthly]" time="0.044" /><testcase classname="backend.tests.test_iter54_start_engine.TestStartupCheckout" name="test_checkout_returns_503_when_price_missing[startup_growth_monthly]" time="0.041" /><testcase classname="backend.tests.test_iter54_start_engine.TestStartupCheckout" name="test_checkout_returns_503_when_price_missing[startup_pro_monthly]" time="0.081" /><testcase classname="backend.tests.test_iter54_start_engine.TestAvatarRevenueRecommendation" name="test_brand_new_business_gets_startup_tier" time="3.264" /><testcase classname="backend.tests.test_iter54_start_engine.TestStartEnginePaths" name="test_path_explore_contract" time="0.047" /><testcase classname="backend.tests.test_iter54_start_engine.TestStartEnginePaths" name="test_path_import_contract" time="0.044" /><testcase classname="backend.tests.test_iter54_start_engine.TestStartEnginePaths" name="test_path_leads_contract" time="0.091" /><testcase classname="backend.tests.test_iter54_start_engine.TestUnauth" name="test_status_unauth" time="0.051" /></testsuite></testsuites>