<?xml version="1.0" encoding="utf-8"?><testsuites name="pytest tests"><testsuite name="pytest" errors="0" failures="0" skipped="0" tests="15" time="2.250" timestamp="2026-04-27T04:11:40.396007+00:00" hostname="agent-env-3025afb2-9f58-4efb-ab7d-d71f9d48ec1d"><testcase classname="backend.tests.test_iter9_signal_intelligence.TestProducts" name="test_products_endpoint_returns_signal_packs" time="0.125" /><testcase classname="backend.tests.test_iter9_signal_intelligence.TestProducts" name="test_products_count_at_least_six" time="0.048" /><testcase classname="backend.tests.test_iter9_signal_intelligence.TestCheckoutSession" name="test_checkout_signal_pack_accepts_key[signal_pack_standard]" time="0.537" /><testcase classname="backend.tests.test_iter9_signal_intelligence.TestCheckoutSession" name="test_checkout_signal_pack_accepts_key[signal_pack_pro]" time="0.421" /><testcase classname="backend.tests.test_iter9_signal_intelligence.TestCheckoutSession" name="test_checkout_signal_pack_accepts_key[signal_pack_enterprise]" time="0.439" /><testcase classname="backend.tests.test_iter9_signal_intelligence.TestCheckoutSession" name="test_checkout_invalid_product_key_returns_400" time="0.048" /><testcase classname="backend.tests.test_iter9_signal_intelligence.TestLeadsNewSources" name="test_lead_create_new_source[audit_request]" time="0.047" /><testcase classname="backend.tests.test_iter9_signal_intelligence.TestLeadsNewSources" name="test_lead_create_new_source[report_request]" time="0.053" /><testcase classname="backend.tests.test_iter9_signal_intelligence.TestLeadsNewSources" name="test_lead_create_new_source[jury_request]" time="0.050" /><testcase classname="backend.tests.test_iter9_signal_intelligence.TestLeadsNewSources" name="test_lead_persisted_in_stats[audit_request]" time="0.097" /><testcase classname="backend.tests.test_iter9_signal_intelligence.TestLeadsNewSources" name="test_lead_persisted_in_stats[report_request]" time="0.090" /><testcase classname="backend.tests.test_iter9_signal_intelligence.TestLeadsNewSources" name="test_lead_persisted_in_stats[jury_request]" time="0.091" /><testcase classname="backend.tests.test_iter9_signal_intelligence.TestRegression" name="test_root_health" time="0.047" /><testcase classname="backend.tests.test_iter9_signal_intelligence.TestRegression" name="test_existing_lead_source_still_works" time="0.047" /><testcase classname="backend.tests.test_iter9_signal_intelligence.TestRegression" name="test_existing_product_starter_or_pro_present" time="0.044" /></testsuite></testsuites>