<?xml version="1.0" encoding="utf-8"?><testsuites name="pytest tests"><testsuite name="pytest" errors="0" failures="0" skipped="1" tests="21" time="2.350" timestamp="2026-04-25T23:58:19.410591+00:00" hostname="agent-env-3025afb2-9f58-4efb-ab7d-d71f9d48ec1d"><testcase classname="backend.tests.test_iter6_finishing.TestShareDemo" name="test_share_demo_realtor_resend_off" time="0.140" /><testcase classname="backend.tests.test_iter6_finishing.TestShareDemo" name="test_share_demo_insurance_resend_off" time="0.055" /><testcase classname="backend.tests.test_iter6_finishing.TestShareDemo" name="test_share_demo_invalid_demo_type" time="0.049" /><testcase classname="backend.tests.test_iter6_finishing.TestShareDemo" name="test_share_demo_invalid_email" time="0.046" /><testcase classname="backend.tests.test_iter6_finishing.TestShareDemo" name="test_share_demo_persists_in_admin_list" time="0.142" /><testcase classname="backend.tests.test_iter6_finishing.TestAdminDemoShares" name="test_requires_auth" time="0.052" /><testcase classname="backend.tests.test_iter6_finishing.TestAdminDemoShares" name="test_range_filter_accepted" time="0.148" /><testcase classname="backend.tests.test_iter6_finishing.TestAdminDemoShares" name="test_invalid_range_rejected" time="0.059" /><testcase classname="backend.tests.test_iter6_finishing.TestAdminAnalytics" name="test_transactions_requires_auth" time="0.049" /><testcase classname="backend.tests.test_iter6_finishing.TestAdminAnalytics" name="test_subscriptions_requires_auth" time="0.046" /><testcase classname="backend.tests.test_iter6_finishing.TestAdminAnalytics" name="test_transactions_range" time="0.155" /><testcase classname="backend.tests.test_iter6_finishing.TestAdminAnalytics" name="test_subscriptions_range" time="0.145" /><testcase classname="backend.tests.test_iter6_finishing.TestBillingPortal" name="test_billing_invalid_creds_401" time="0.047" /><testcase classname="backend.tests.test_iter6_finishing.TestBillingPortal" name="test_billing_no_customer_id_409" time="0.045"><skipped type="pytest.skip" message="Cannot easily provision portal user (login returned 422)">/app/backend/tests/test_iter6_finishing.py:153: Cannot easily provision portal user (login returned 422)</skipped></testcase><testcase classname="backend.tests.test_iter6_finishing.TestRegression" name="test_admin_login_wrong_password" time="0.046" /><testcase classname="backend.tests.test_iter6_finishing.TestRegression" name="test_admin_leads" time="0.051" /><testcase classname="backend.tests.test_iter6_finishing.TestRegression" name="test_checkout_session_foundations_400" time="0.448" /><testcase classname="backend.tests.test_iter6_finishing.TestRegression" name="test_checkout_session_applied_1500" time="0.422" /><testcase classname="backend.tests.test_iter6_finishing.TestRegression" name="test_checkout_subscription_503_when_price_missing" time="0.046" /><testcase classname="backend.tests.test_iter6_finishing.TestRegression" name="test_application_accelerator" time="0.050" /><testcase classname="backend.tests.test_iter6_finishing.TestRegression" name="test_application_mastery" time="0.046" /></testsuite></testsuites>