<?xml version="1.0" encoding="utf-8"?><testsuites name="pytest tests"><testsuite name="pytest" errors="0" failures="0" skipped="0" tests="12" time="38.432" timestamp="2026-04-26T00:16:40.288723+00:00" hostname="agent-env-3025afb2-9f58-4efb-ab7d-d71f9d48ec1d"><testcase classname="backend.tests.test_iter7_founder_preview.TestFounderAuth" name="test_empty_key_rejected" time="36.362" /><testcase classname="backend.tests.test_iter7_founder_preview.TestFounderAuth" name="test_wrong_key_rejected" time="0.197" /><testcase classname="backend.tests.test_iter7_founder_preview.TestFounderAuth" name="test_correct_key_returns_full_entitlements" time="0.131" /><testcase classname="backend.tests.test_iter7_founder_preview.TestFounderAuth" name="test_idempotent_returns_same_token" time="0.181" /><testcase classname="backend.tests.test_iter7_founder_preview.TestFounderAuth" name="test_missing_field_422" time="0.108" /><testcase classname="backend.tests.test_iter7_founder_preview.TestFounderAuth" name="test_founder_login_via_portal" time="0.158" /><testcase classname="backend.tests.test_iter7_founder_preview.TestRegressionFlows" name="test_share_demo" time="0.136" /><testcase classname="backend.tests.test_iter7_founder_preview.TestRegressionFlows" name="test_admin_login_wrong" time="0.119" /><testcase classname="backend.tests.test_iter7_founder_preview.TestRegressionFlows" name="test_admin_login_correct" time="0.103" /><testcase classname="backend.tests.test_iter7_founder_preview.TestRegressionFlows" name="test_checkout_session_foundations" time="0.622" /><testcase classname="backend.tests.test_iter7_founder_preview.TestRegressionFlows" name="test_application_accelerator" time="0.115" /><testcase classname="backend.tests.test_iter7_founder_preview.TestRegressionFlows" name="test_portal_login_invalid" time="0.118" /></testsuite></testsuites>