<?xml version="1.0" encoding="utf-8"?><testsuites name="pytest tests"><testsuite name="pytest" errors="0" failures="0" skipped="0" tests="17" time="3.320" timestamp="2026-04-27T19:31:04.450133+00:00" hostname="agent-env-3025afb2-9f58-4efb-ab7d-d71f9d48ec1d"><testcase classname="backend.tests.test_lighting_iter22.TestKoolliteWarranty7yr" name="test_all_skus_warranty_seven_years" time="0.176" /><testcase classname="backend.tests.test_lighting_iter22.TestProposalPersistence" name="test_proposal_creates_lifecycle_identified_row" time="0.485" /><testcase classname="backend.tests.test_lighting_iter22.TestApproveLifecycle" name="test_approve_transitions_and_appends_row" time="0.299" /><testcase classname="backend.tests.test_lighting_iter22.TestDeployVerify" name="test_deploy_then_verify" time="0.399" /><testcase classname="backend.tests.test_lighting_iter22.TestStats" name="test_stats_has_lifecycle_counts" time="0.116" /><testcase classname="backend.tests.test_lighting_iter22.TestPortalProjects" name="test_portal_projects_valid" time="0.106" /><testcase classname="backend.tests.test_lighting_iter22.TestPortalProjects" name="test_portal_projects_invalid_token" time="0.115" /><testcase classname="backend.tests.test_lighting_iter22.TestPortalApprove" name="test_portal_approve_foreign_action_id" time="0.131" /><testcase classname="backend.tests.test_lighting_iter22.TestPortalApprove" name="test_portal_approve_bad_auth" time="0.110" /><testcase classname="backend.tests.test_lighting_iter22.TestPortalApprove" name="test_portal_approve_valid" time="0.291" /><testcase classname="backend.tests.test_lighting_iter22.TestAdminEndpoints" name="test_admin_projects_requires_auth" time="0.118" /><testcase classname="backend.tests.test_lighting_iter22.TestAdminEndpoints" name="test_admin_projects_ok" time="0.308" /><testcase classname="backend.tests.test_lighting_iter22.TestAdminEndpoints" name="test_admin_projects_status_filter" time="0.111" /><testcase classname="backend.tests.test_lighting_iter22.TestAdminEndpoints" name="test_admin_locations_requires_auth" time="0.121" /><testcase classname="backend.tests.test_lighting_iter22.TestAdminEndpoints" name="test_admin_locations_ok" time="0.116" /><testcase classname="backend.tests.test_lighting_iter22.TestAdminEndpoints" name="test_admin_lifecycle_requires_auth" time="0.135" /><testcase classname="backend.tests.test_lighting_iter22.TestAdminEndpoints" name="test_admin_lifecycle_ordered" time="0.118" /></testsuite></testsuites>