<?xml version="1.0" encoding="utf-8"?><testsuites name="pytest tests"><testsuite name="pytest" errors="0" failures="0" skipped="1" tests="22" time="17.081" timestamp="2026-05-03T06:00:22.603402+00:00" hostname="agent-env-3025afb2-9f58-4efb-ab7d-d71f9d48ec1d"><testcase classname="backend.tests.test_iter27_outbound_engine.TestAuthEnforcement" name="test_dashboard_no_auth_401" time="0.246" /><testcase classname="backend.tests.test_iter27_outbound_engine.TestAuthEnforcement" name="test_dashboard_executive_403" time="0.381" /><testcase classname="backend.tests.test_iter27_outbound_engine.TestAuthEnforcement" name="test_state_executive_403" time="0.144" /><testcase classname="backend.tests.test_iter27_outbound_engine.TestAuthEnforcement" name="test_pause_executive_403" time="0.102" /><testcase classname="backend.tests.test_iter27_outbound_engine.TestAuthEnforcement" name="test_prospects_list_executive_403" time="0.115" /><testcase classname="backend.tests.test_iter27_outbound_engine.TestAuthEnforcement" name="test_run_tick_executive_403" time="0.152" /><testcase classname="backend.tests.test_iter27_outbound_engine.TestDashboardAndState" name="test_dashboard_shape" time="0.209" /><testcase classname="backend.tests.test_iter27_outbound_engine.TestDashboardAndState" name="test_state_shape" time="0.099" /><testcase classname="backend.tests.test_iter27_outbound_engine.TestDashboardAndState" name="test_pause_toggle" time="0.328" /><testcase classname="backend.tests.test_iter27_outbound_engine.TestProspectCRUD" name="test_add_prospect" time="0.100" /><testcase classname="backend.tests.test_iter27_outbound_engine.TestProspectCRUD" name="test_add_duplicate_returns_409" time="0.109" /><testcase classname="backend.tests.test_iter27_outbound_engine.TestProspectCRUD" name="test_list_prospects_includes_created" time="0.108" /><testcase classname="backend.tests.test_iter27_outbound_engine.TestProspectCRUD" name="test_csv_upload" time="0.109" /><testcase classname="backend.tests.test_iter27_outbound_engine.TestAIEndpoints" name="test_score_returns_200_or_503" time="5.144" /><testcase classname="backend.tests.test_iter27_outbound_engine.TestAIEndpoints" name="test_linkedin_generate_returns_200_or_503" time="8.966" /><testcase classname="backend.tests.test_iter27_outbound_engine.TestLinkedinAndReplies" name="test_linkedin_mark_sent_connect" time="0.139" /><testcase classname="backend.tests.test_iter27_outbound_engine.TestLinkedinAndReplies" name="test_linkedin_mark_sent_followup" time="0.133" /><testcase classname="backend.tests.test_iter27_outbound_engine.TestLinkedinAndReplies" name="test_mark_replied_neutral" time="0.103" /><testcase classname="backend.tests.test_iter27_outbound_engine.TestLinkedinAndReplies" name="test_drafts_list" time="0.098" /><testcase classname="backend.tests.test_iter27_outbound_engine.TestRunTickAndUnsubscribe" name="test_run_tick" time="0.102" /><testcase classname="backend.tests.test_iter27_outbound_engine.TestRunTickAndUnsubscribe" name="test_public_unsubscribe_invalid_token_403" time="0.108" /><testcase classname="backend.tests.test_iter27_outbound_engine.TestRunTickAndUnsubscribe" name="test_public_unsubscribe_valid_token" time="0.000"><skipped type="pytest.skip" message="Token derivation requires server-side secret; covered by 403 test.">/app/backend/tests/test_iter27_outbound_engine.py:299: Token derivation requires server-side secret; covered by 403 test.</skipped></testcase></testsuite></testsuites>