<?xml version="1.0" encoding="utf-8"?><testsuites name="pytest tests"><testsuite name="pytest" errors="0" failures="0" skipped="0" tests="12" time="2.252" timestamp="2026-05-08T11:55:46.065481+00:00" hostname="agent-env-3025afb2-9f58-4efb-ab7d-d71f9d48ec1d"><testcase classname="tests.test_iter89_deploy_readiness.TestDeployReadiness" name="test_endpoint_returns_200" time="0.650" /><testcase classname="tests.test_iter89_deploy_readiness.TestDeployReadiness" name="test_verdict_green_and_critical_clean" time="0.171" /><testcase classname="tests.test_iter89_deploy_readiness.TestDeployReadiness" name="test_lint_clean" time="0.162" /><testcase classname="tests.test_iter89_deploy_readiness.TestDeployReadiness" name="test_no_eval_in_backend" time="0.178" /><testcase classname="tests.test_iter89_deploy_readiness.TestDeployReadiness" name="test_known_prod_only_secrets_absent_in_preview" time="0.178" /><testcase classname="tests.test_iter89_deploy_readiness.TestStartupLaunchHealth" name="test_health_ok" time="0.104" /><testcase classname="tests.test_iter89_deploy_readiness.TestSystemPulse" name="test_pulse_shape" time="0.101" /><testcase classname="tests.test_iter89_deploy_readiness.TestPiiSafety" name="test_system_pulse_no_pii" time="0.102" /><testcase classname="tests.test_iter89_deploy_readiness.TestPiiSafety" name="test_action_lookup_no_pii" time="0.103" /><testcase classname="tests.test_iter89_deploy_readiness.TestPiiSafety" name="test_action_lookup_returns_event" time="0.122" /><testcase classname="tests.test_iter89_deploy_readiness.TestStartupLaunchValidation" name="test_generate_validation_rejects_empty" time="0.111" /><testcase classname="tests.test_iter89_deploy_readiness.TestStartupLaunchValidation" name="test_get_nonexistent_plan_404" time="0.086" /></testsuite></testsuites>