<?xml version="1.0" encoding="utf-8"?><testsuites name="pytest tests"><testsuite name="pytest" errors="0" failures="0" skipped="0" tests="9" time="2.874" timestamp="2026-05-08T05:22:05.492054+00:00" hostname="agent-env-3025afb2-9f58-4efb-ab7d-d71f9d48ec1d"><testcase classname="backend.tests.test_iter88_regression.TestPublicSystemPulse" name="test_status_200" time="2.417" /><testcase classname="backend.tests.test_iter88_regression.TestPublicSystemPulse" name="test_top_level_shape" time="0.055" /><testcase classname="backend.tests.test_iter88_regression.TestPublicSystemPulse" name="test_event_shape" time="0.054" /><testcase classname="backend.tests.test_iter88_regression.TestPublicSystemPulse" name="test_kpi_keys" time="0.054" /><testcase classname="backend.tests.test_iter88_regression.TestPublicSystemPulse" name="test_no_real_pii" time="0.059" /><testcase classname="backend.tests.test_iter88_regression.TestStartupLaunch" name="test_health_200" time="0.053" /><testcase classname="backend.tests.test_iter88_regression.TestStartupLaunch" name="test_generate_validation_422" time="0.052" /><testcase classname="backend.tests.test_iter88_regression.TestStartupLaunch" name="test_plan_not_found_404" time="0.057" /><testcase classname="backend.tests.test_iter88_regression.TestSecretsSwap" name="test_no_random_imports_in_patched_files" time="0.003" /></testsuite></testsuites>