<?xml version="1.0" encoding="utf-8"?><testsuites name="pytest tests"><testsuite name="pytest" errors="0" failures="0" skipped="0" tests="4" time="2.404" timestamp="2026-04-27T16:31:25.034367+00:00" hostname="agent-env-3025afb2-9f58-4efb-ab7d-d71f9d48ec1d"><testcase classname="backend.tests.test_supermarket_demo.TestTtsSpeak" name="test_tts_speak_returns_audio_mpeg" time="2.186" /><testcase classname="backend.tests.test_supermarket_demo.TestShareDemoSupermarket" name="test_share_demo_supermarket_accepted" time="0.058" /><testcase classname="backend.tests.test_supermarket_demo.TestShareDemoSupermarket" name="test_share_demo_supermarket_default_target" time="0.051" /><testcase classname="backend.tests.test_supermarket_demo.TestShareDemoSupermarket" name="test_share_demo_still_rejects_garbage" time="0.050" /></testsuite></testsuites>