<?xml version="1.0" encoding="utf-8"?><testsuites name="pytest tests"><testsuite name="pytest" errors="0" failures="0" skipped="0" tests="14" time="3.718" timestamp="2026-04-27T14:22:32.284164+00:00" hostname="agent-env-3025afb2-9f58-4efb-ab7d-d71f9d48ec1d"><testcase classname="backend.tests.test_iter14_payments_onboarding.TestCatalog" name="test_products_returns_eight_with_new_tiers" time="0.225" /><testcase classname="backend.tests.test_iter14_payments_onboarding.TestCatalog" name="test_subscriptions_returns_six_plans" time="0.057" /><testcase classname="backend.tests.test_iter14_payments_onboarding.TestOneTimeCheckout" name="test_create_checkout_session_for_training_products[foundations-400.0]" time="0.801" /><testcase classname="backend.tests.test_iter14_payments_onboarding.TestOneTimeCheckout" name="test_create_checkout_session_for_training_products[applied-1500.0]" time="0.740" /><testcase classname="backend.tests.test_iter14_payments_onboarding.TestOneTimeCheckout" name="test_create_checkout_session_for_training_products[strategy-7000.0]" time="0.732" /><testcase classname="backend.tests.test_iter14_payments_onboarding.TestOneTimeCheckout" name="test_create_checkout_session_for_training_products[full_training-27000.0]" time="0.631" /><testcase classname="backend.tests.test_iter14_payments_onboarding.TestOneTimeCheckout" name="test_status_returns_404_for_unknown_session" time="0.049" /><testcase classname="backend.tests.test_iter14_payments_onboarding.TestOneTimeCheckout" name="test_invalid_product_returns_400" time="0.059" /><testcase classname="backend.tests.test_iter14_payments_onboarding.TestSubscriptionCheckout" name="test_subscription_returns_503_with_env_hint[cb_starter_monthly-STRIPE_PRICE_CB_STARTER_MONTHLY]" time="0.053" /><testcase classname="backend.tests.test_iter14_payments_onboarding.TestSubscriptionCheckout" name="test_subscription_returns_503_with_env_hint[cb_growth_monthly-STRIPE_PRICE_CB_GROWTH_MONTHLY]" time="0.059" /><testcase classname="backend.tests.test_iter14_payments_onboarding.TestSubscriptionCheckout" name="test_subscription_returns_503_with_env_hint[cb_pro_monthly-STRIPE_PRICE_CB_PRO_MONTHLY]" time="0.051" /><testcase classname="backend.tests.test_iter14_payments_onboarding.TestSubscriptionCheckout" name="test_invalid_plan_returns_400" time="0.049" /><testcase classname="backend.tests.test_iter14_payments_onboarding.TestWebhookWiring" name="test_webhook_endpoint_and_idempotency_present" time="0.001" /><testcase classname="backend.tests.test_iter14_payments_onboarding.TestBackwardCompat" name="test_thank_you_route_resolves_in_frontend" time="0.125" /></testsuite></testsuites>