<?xml version="1.0" encoding="utf-8"?><testsuites name="pytest tests"><testsuite name="pytest" errors="0" failures="0" skipped="0" tests="2" time="0.694" timestamp="2026-05-05T14:55:30.727233+00:00" hostname="agent-env-3025afb2-9f58-4efb-ab7d-d71f9d48ec1d"><testcase classname="tests.test_iter60_signal_correction.TestSignalCapAndThreshold" name="test_score_caps_at_100" time="0.536" /><testcase classname="tests.test_iter60_signal_correction.TestSignalCapAndThreshold" name="test_threshold_hot_fires_once_no_twilio" time="0.068" /></testsuite></testsuites>