<?xml version="1.0" encoding="utf-8"?><testsuites name="pytest tests"><testsuite name="pytest" errors="0" failures="0" skipped="0" tests="11" time="27.042" timestamp="2026-05-05T22:33:02.413737+00:00" hostname="agent-env-3025afb2-9f58-4efb-ab7d-d71f9d48ec1d"><testcase classname="backend.tests.test_iter62_supermarket_demo_feed.TestDemoFeed" name="test_demo_feed_public_no_auth" time="0.152" /><testcase classname="backend.tests.test_iter62_supermarket_demo_feed.TestDemoFeed" name="test_demo_feed_redacts_pii" time="0.062" /><testcase classname="backend.tests.test_iter62_supermarket_demo_feed.TestDemoFeed" name="test_demo_feed_shape_per_row" time="0.070" /><testcase classname="backend.tests.test_iter62_supermarket_demo_feed.TestDemoFeed" name="test_demo_feed_limit_clamped" time="0.064" /><testcase classname="backend.tests.test_iter62_supermarket_demo_feed.TestDemoFeed" name="test_demo_feed_default_limit" time="0.179" /><testcase classname="backend.tests.test_iter62_supermarket_demo_feed.TestDemoFeed" name="test_demo_feed_no_auth_headers_required" time="0.118" /><testcase classname="backend.tests.test_iter62_supermarket_demo_feed.TestDemoFeed" name="test_demo_feed_sorted_desc" time="0.070" /><testcase classname="backend.tests.test_iter62_supermarket_demo_feed.TestIter61Regression" name="test_cfo_case_insurance_generates" time="12.183" /><testcase classname="backend.tests.test_iter62_supermarket_demo_feed.TestIter61Regression" name="test_audit_list_founder_auth" time="0.137" /><testcase classname="backend.tests.test_iter62_supermarket_demo_feed.TestIter61Regression" name="test_audit_list_rejects_no_auth" time="0.065" /><testcase classname="backend.tests.test_iter62_supermarket_demo_feed.TestIter61Regression" name="test_business_builder_website_generate" time="13.873" /></testsuite></testsuites>