<?xml version="1.0" encoding="utf-8"?><testsuites name="pytest tests"><testsuite name="pytest" errors="0" failures="0" skipped="0" tests="16" time="168.018" timestamp="2026-05-05T15:28:10.944985+00:00" hostname="agent-env-3025afb2-9f58-4efb-ab7d-d71f9d48ec1d"><testcase classname="tests.test_iter61_cfo_dark_audit.TestCfoCase" name="test_general_business_case" time="22.062" /><testcase classname="tests.test_iter61_cfo_dark_audit.TestCfoCase" name="test_koollite_energy_case" time="31.390" /><testcase classname="tests.test_iter61_cfo_dark_audit.TestCfoCase" name="test_real_estate_case" time="25.550" /><testcase classname="tests.test_iter61_cfo_dark_audit.TestCfoCase" name="test_insurance_falls_back_to_general" time="20.293" /><testcase classname="tests.test_iter61_cfo_dark_audit.TestCfoCase" name="test_audit_trail_recorded_for_cfo_case" time="18.667" /><testcase classname="tests.test_iter61_cfo_dark_audit.TestDarkFunnel" name="test_tracked_redirect_increments_score" time="0.783" /><testcase classname="tests.test_iter61_cfo_dark_audit.TestDarkFunnel" name="test_tracked_redirect_unknown_token" time="0.504" /><testcase classname="tests.test_iter61_cfo_dark_audit.TestDarkFunnel" name="test_resend_webhook_email_opened" time="0.762" /><testcase classname="tests.test_iter61_cfo_dark_audit.TestDarkFunnel" name="test_engagement_spike_fires_after_3_signals" time="1.677" /><testcase classname="tests.test_iter61_cfo_dark_audit.TestDarkFunnel" name="test_scan_reengagement_gating_and_idempotency" time="0.916" /><testcase classname="tests.test_iter61_cfo_dark_audit.TestDarkFunnel" name="test_lead_engagement_endpoint" time="0.213" /><testcase classname="tests.test_iter61_cfo_dark_audit.TestAudit" name="test_audit_list_founder" time="0.134" /><testcase classname="tests.test_iter61_cfo_dark_audit.TestAudit" name="test_audit_lead_trail" time="0.132" /><testcase classname="tests.test_iter61_cfo_dark_audit.TestAudit" name="test_audit_list_bad_token" time="0.123" /><testcase classname="tests.test_iter61_cfo_dark_audit.TestAudit" name="test_cfo_generate_no_auth_works" time="14.741" /><testcase classname="tests.test_iter61_cfo_dark_audit.TestOrchestratorAudit" name="test_orchestrator_emits_5_audit_rows" time="29.895" /></testsuite></testsuites>