<?xml version="1.0" encoding="utf-8"?><testsuites name="pytest tests"><testsuite name="pytest" errors="0" failures="1" skipped="0" tests="2" time="0.413" timestamp="2026-04-27T04:39:42.696599+00:00" hostname="agent-env-3025afb2-9f58-4efb-ab7d-d71f9d48ec1d"><testcase classname="backend.tests.test_noldus_share" name="test_share_demo_noldus_payload_from_frontend" time="0.213"><failure message="AssertionError: Expected 200/202, got 422: {&quot;detail&quot;:[{&quot;type&quot;:&quot;missing&quot;,&quot;loc&quot;:[&quot;body&quot;,&quot;sender_name&quot;],&quot;msg&quot;:&quot;Field required&quot;,&quot;input&quot;:{&quot;recipient_email&quot;:&quot;test@example.com&quot;,&quot;demo_type&quot;:&quot;noldus&quot;,&quot;share_target&quot;:&quot;https://bodyiq-training.preview.emergentagent.com/demo/noldus&quot;},&quot;url&quot;:&quot;https://errors.pydantic.dev/2.12/v/missing&quot;},{&quot;type&quot;:&quot;string_pattern_mismatch&quot;,&quot;loc&quot;:[&quot;body&quot;,&quot;demo_type&quot;],&quot;msg&quot;:&quot;String should match pattern '^(realtor|insurance)$'&quot;,&quot;input&quot;:&quot;noldus&quot;,&quot;ctx&quot;:{&quot;pattern&quot;:&quot;^(realtor|insurance)$&quot;},&quot;url&quot;:&quot;https://errors.pydantic.dev/2.12/v/string_pattern_mismatch&quot;},{&quot;type&quot;:&quot;string_pattern_mismatch&quot;,&quot;loc&quot;:[&quot;body&quot;,&quot;share_target&quot;],&quot;msg&quot;:&quot;String should match pattern '^(demo|preview)$'&quot;,&quot;input&quot;:&quot;https://bodyiq-training.preview.emergentagent.com/demo/noldus&quot;,&quot;ctx&quot;:{&quot;pattern&quot;:&quot;^(demo|preview)$&quot;},&quot;url&quot;:&quot;https://errors.pydantic.dev/2.12/v/string_pattern_mismatch&quot;}]}&#10;assert 422 in (200, 202)&#10; +  where 422 = &lt;Response [422]&gt;.status_code">backend/tests/test_noldus_share.py:18: in test_share_demo_noldus_payload_from_frontend
    assert r.status_code in (200, 202), f"Expected 200/202, got {r.status_code}: {r.text}"
E   AssertionError: Expected 200/202, got 422: {"detail":[{"type":"missing","loc":["body","sender_name"],"msg":"Field required","input":{"recipient_email":"test@example.com","demo_type":"noldus","share_target":"https://bodyiq-training.preview.emergentagent.com/demo/noldus"},"url":"https://errors.pydantic.dev/2.12/v/missing"},{"type":"string_pattern_mismatch","loc":["body","demo_type"],"msg":"String should match pattern '^(realtor|insurance)$'","input":"noldus","ctx":{"pattern":"^(realtor|insurance)$"},"url":"https://errors.pydantic.dev/2.12/v/string_pattern_mismatch"},{"type":"string_pattern_mismatch","loc":["body","share_target"],"msg":"String should match pattern '^(demo|preview)$'","input":"https://bodyiq-training.preview.emergentagent.com/demo/noldus","ctx":{"pattern":"^(demo|preview)$"},"url":"https://errors.pydantic.dev/2.12/v/string_pattern_mismatch"}]}
E   assert 422 in (200, 202)
E    +  where 422 = &lt;Response [422]&gt;.status_code</failure></testcase><testcase classname="backend.tests.test_noldus_share" name="test_share_demo_legacy_realtor_still_works" time="0.128" /></testsuite></testsuites>