<?xml version="1.0" encoding="utf-8"?><testsuites name="pytest tests"><testsuite name="pytest" errors="0" failures="1" skipped="0" tests="15" time="2.567" timestamp="2026-05-03T06:29:52.849775+00:00" hostname="agent-env-3025afb2-9f58-4efb-ab7d-d71f9d48ec1d"><testcase classname="backend.tests.test_iter28_outbound_phase2.TestSeedFromDemos" name="test_requires_auth_401" time="0.182"><failure message="AssertionError: {&quot;detail&quot;:[{&quot;type&quot;:&quot;missing&quot;,&quot;loc&quot;:[&quot;body&quot;,&quot;email&quot;],&quot;msg&quot;:&quot;Field required&quot;,&quot;input&quot;:{},&quot;url&quot;:&quot;https://errors.pydantic.dev/2.12/v/missing&quot;},{&quot;type&quot;:&quot;missing&quot;,&quot;loc&quot;:[&quot;body&quot;,&quot;token&quot;],&quot;msg&quot;:&quot;Field required&quot;,&quot;input&quot;:{},&quot;url&quot;:&quot;https://errors.pydantic.dev/2.12/v/missing&quot;}]}&#10;assert 422 in (401, 403)&#10; +  where 422 = &lt;Response [422]&gt;.status_code">backend/tests/test_iter28_outbound_phase2.py:62: in test_requires_auth_401
    assert r.status_code in (401, 403), r.text
E   AssertionError: {"detail":[{"type":"missing","loc":["body","email"],"msg":"Field required","input":{},"url":"https://errors.pydantic.dev/2.12/v/missing"},{"type":"missing","loc":["body","token"],"msg":"Field required","input":{},"url":"https://errors.pydantic.dev/2.12/v/missing"}]}
E   assert 422 in (401, 403)
E    +  where 422 = &lt;Response [422]&gt;.status_code</failure></testcase><testcase classname="backend.tests.test_iter28_outbound_phase2.TestSeedFromDemos" name="test_exec_forbidden_403" time="0.399" /><testcase classname="backend.tests.test_iter28_outbound_phase2.TestSeedFromDemos" name="test_founder_seeds_ok" time="0.202" /><testcase classname="backend.tests.test_iter28_outbound_phase2.TestSeedFromDemos" name="test_idempotent_second_run_skips" time="0.227" /><testcase classname="backend.tests.test_iter28_outbound_phase2.TestSeededProspectFields" name="test_required_fields_present" time="0.218" /><testcase classname="backend.tests.test_iter28_outbound_phase2.TestSeededProspectFields" name="test_not_before_at_12_to_24h_future" time="0.000" /><testcase classname="backend.tests.test_iter28_outbound_phase2.TestSeededProspectFields" name="test_target_segment_mapping" time="0.000" /><testcase classname="backend.tests.test_iter28_outbound_phase2.TestSuppressionRespected" name="test_suppressed_email_not_reseeded" time="0.212" /><testcase classname="backend.tests.test_iter28_outbound_phase2.TestImapPoll" name="test_requires_auth" time="0.144" /><testcase classname="backend.tests.test_iter28_outbound_phase2.TestImapPoll" name="test_exec_forbidden_403" time="0.102" /><testcase classname="backend.tests.test_iter28_outbound_phase2.TestImapPoll" name="test_founder_not_configured" time="0.106" /><testcase classname="backend.tests.test_iter28_outbound_phase2.TestProspectListShape" name="test_list_exposes_new_fields_for_seeded" time="0.115" /><testcase classname="backend.tests.test_iter28_outbound_phase2.TestNotBeforeAtGuard" name="test_seeded_prospects_not_emailed_immediately" time="0.361" /><testcase classname="backend.tests.test_iter28_outbound_phase2.TestMarkCold" name="test_finalize_cold_code_path_exists" time="0.000" /><testcase classname="backend.tests.test_iter28_outbound_phase2.TestMarkCold" name="test_run_tick_does_not_mark_fresh_prospects_cold" time="0.210" /></testsuite></testsuites>