<?xml version="1.0" encoding="utf-8"?><testsuites name="pytest tests"><testsuite name="pytest" errors="0" failures="0" skipped="0" tests="2" time="0.609" timestamp="2026-05-10T00:59:09.100541+00:00" hostname="agent-env-3025afb2-9f58-4efb-ab7d-d71f9d48ec1d"><testcase classname="backend.tests.test_iter102_signal" name="test_live_pulse_signal_shape" time="0.399" /><testcase classname="backend.tests.test_iter102_signal" name="test_live_pulse_healthy_engine_green" time="0.139" /></testsuite></testsuites>