<?xml version="1.0" encoding="utf-8"?><testsuites name="pytest tests"><testsuite name="pytest" errors="0" failures="0" skipped="0" tests="10" time="1.417" timestamp="2026-04-27T14:06:32.232779+00:00" hostname="agent-env-3025afb2-9f58-4efb-ab7d-d71f9d48ec1d"><testcase classname="tests.test_iter13_share_tracking.TestShareDemo" name="test_share_demo_realtor_with_personalization" time="0.216" /><testcase classname="tests.test_iter13_share_tracking.TestShareDemo" name="test_share_demo_accepts_sita" time="0.049" /><testcase classname="tests.test_iter13_share_tracking.TestShareDemo" name="test_share_demo_rejects_invalid_demo_type" time="0.052" /><testcase classname="tests.test_iter13_share_tracking.TestClickTracking" name="test_redirect_and_click_count" time="0.473" /><testcase classname="tests.test_iter13_share_tracking.TestClickTracking" name="test_invalid_share_id_redirects_to_fallback" time="0.058" /><testcase classname="tests.test_iter13_share_tracking.TestHalfViewNotification" name="test_half_view_fires_once" time="0.210" /><testcase classname="tests.test_iter13_share_tracking.TestHalfViewNotification" name="test_below_50_does_not_trigger" time="0.100" /><testcase classname="tests.test_iter13_share_tracking.TestAdminEndpoints" name="test_admin_demo_shares_requires_auth" time="0.050" /><testcase classname="tests.test_iter13_share_tracking.TestAdminEndpoints" name="test_admin_demo_shares_returns_click_fields" time="0.058" /><testcase classname="tests.test_iter13_share_tracking.TestAdminEndpoints" name="test_admin_demo_sessions_summary" time="0.064" /></testsuite></testsuites>