<?xml version="1.0" encoding="utf-8"?><testsuites name="pytest tests"><testsuite name="pytest" errors="0" failures="0" skipped="0" tests="6" time="0.968" timestamp="2026-05-05T13:19:52.084974+00:00" hostname="agent-env-3025afb2-9f58-4efb-ab7d-d71f9d48ec1d"><testcase classname="tests.test_iter57_business_activation.TestCapture" name="test_capture_happy_path" time="0.304" /><testcase classname="tests.test_iter57_business_activation.TestCapture" name="test_capture_idempotent_same_lead" time="0.134" /><testcase classname="tests.test_iter57_business_activation.TestCapture" name="test_capture_invalid_email_422" time="0.116" /><testcase classname="tests.test_iter57_business_activation" name="test_db_side_effects" time="0.078" /><testcase classname="tests.test_iter57_business_activation.TestAdminList" name="test_admin_list_requires_auth" time="0.129" /><testcase classname="tests.test_iter57_business_activation.TestAdminList" name="test_admin_list_founder_ok" time="0.129" /></testsuite></testsuites>