<?xml version="1.0" encoding="utf-8"?><testsuites name="pytest tests"><testsuite name="pytest" errors="0" failures="0" skipped="0" tests="7" time="1.402" timestamp="2026-05-07T04:05:51.211854+00:00" hostname="agent-env-3025afb2-9f58-4efb-ab7d-d71f9d48ec1d"><testcase classname="backend.tests.test_iter67_live_pulse.TestAuth" name="test_no_auth_rejected" time="0.200" /><testcase classname="backend.tests.test_iter67_live_pulse.TestAuth" name="test_wrong_token_rejected" time="0.154" /><testcase classname="backend.tests.test_iter67_live_pulse.TestPayloadShape" name="test_returns_200_with_full_shape" time="0.264" /><testcase classname="backend.tests.test_iter67_live_pulse.TestPayloadShape" name="test_mode_sandbox_and_resend_unconfigured" time="0.116" /><testcase classname="backend.tests.test_iter67_live_pulse.TestPayloadShape" name="test_signal_level_green_when_workers_fresh" time="0.200" /><testcase classname="backend.tests.test_iter67_live_pulse.TestPayloadShape" name="test_recent_sends_have_masked_emails" time="0.265" /><testcase classname="backend.tests.test_iter67_live_pulse.TestPayloadShape" name="test_workers_have_heartbeats" time="0.129" /></testsuite></testsuites>