<?xml version="1.0" encoding="utf-8"?><testsuites name="pytest tests"><testsuite name="pytest" errors="0" failures="0" skipped="0" tests="9" time="10.352" timestamp="2026-05-06T12:45:36.631317+00:00" hostname="agent-env-3025afb2-9f58-4efb-ab7d-d71f9d48ec1d"><testcase classname="tests.test_iter68b_queue_status_operator.TestBackend1_QueueStatusPayload" name="test_queue_status_full_structure" time="0.284" /><testcase classname="tests.test_iter68b_queue_status_operator.TestBackend2_AuthGating" name="test_no_auth_returns_401_or_403" time="0.062" /><testcase classname="tests.test_iter68b_queue_status_operator.TestBackend2_AuthGating" name="test_wrong_token_returns_401_or_403" time="0.061" /><testcase classname="tests.test_iter68b_queue_status_operator.TestBackend3_SampleBounded" name="test_all_samples_bounded_to_5" time="0.076" /><testcase classname="tests.test_iter68b_queue_status_operator.TestBackend4_AutopilotHeartbeat" name="test_autopilot_now_records_heartbeat" time="0.130" /><testcase classname="tests.test_iter68b_queue_status_operator.TestBackend5_BadCsvFault" name="test_malformed_csv_does_not_crash_engine" time="1.189" /><testcase classname="tests.test_iter68b_queue_status_operator.TestBackend6_StaleWorkerInjection" name="test_stale_worker_flips_yellow_then_recovers" time="1.146" /><testcase classname="tests.test_iter68b_queue_status_operator.TestBackend7_PauseUnpause" name="test_pause_flips_yellow_and_resume_returns_green" time="7.242" /><testcase classname="tests.test_iter68b_queue_status_operator.TestBackend8_DashboardRegression" name="test_dashboard_still_intact" time="0.100" /></testsuite></testsuites>