<?xml version="1.0" encoding="utf-8"?><testsuites name="pytest tests"><testsuite name="pytest" errors="0" failures="0" skipped="0" tests="16" time="1.554" timestamp="2026-04-27T04:53:57.988004+00:00" hostname="agent-env-3025afb2-9f58-4efb-ab7d-d71f9d48ec1d"><testcase classname="backend.tests.test_demo_delivery_engine.TestDemoSessionLifecycle" name="test_start_returns_201" time="0.225" /><testcase classname="backend.tests.test_demo_delivery_engine.TestDemoSessionLifecycle" name="test_heartbeat_below_50" time="0.048" /><testcase classname="backend.tests.test_demo_delivery_engine.TestDemoSessionLifecycle" name="test_heartbeat_crosses_50" time="0.049" /><testcase classname="backend.tests.test_demo_delivery_engine.TestDemoSessionLifecycle" name="test_heartbeat_after_already_notified" time="0.047" /><testcase classname="backend.tests.test_demo_delivery_engine.TestDemoSessionLifecycle" name="test_event_appended" time="0.052" /><testcase classname="backend.tests.test_demo_delivery_engine.TestDemoSessionLifecycle" name="test_complete" time="0.062" /><testcase classname="backend.tests.test_demo_delivery_engine.TestDemoSessionValidation" name="test_invalid_demo_type_422" time="0.046" /><testcase classname="backend.tests.test_demo_delivery_engine.TestDemoSessionValidation" name="test_heartbeat_invalid_session_404" time="0.044" /><testcase classname="backend.tests.test_demo_delivery_engine.TestDemoSessionValidation" name="test_event_invalid_session_404" time="0.046" /><testcase classname="backend.tests.test_demo_delivery_engine.TestDemoSessionValidation" name="test_complete_invalid_session_404" time="0.049" /><testcase classname="backend.tests.test_demo_delivery_engine.TestAdminDemoEndpoints" name="test_admin_demo_sessions_summary" time="0.094" /><testcase classname="backend.tests.test_demo_delivery_engine.TestAdminDemoEndpoints" name="test_admin_demo_sessions_requires_auth" time="0.044" /><testcase classname="backend.tests.test_demo_delivery_engine.TestAdminDemoEndpoints" name="test_admin_demo_notifications" time="0.048" /><testcase classname="backend.tests.test_demo_delivery_engine.TestRegressionEndpoints" name="test_leads_post" time="0.047" /><testcase classname="backend.tests.test_demo_delivery_engine.TestRegressionEndpoints" name="test_share_demo_noldus" time="0.045" /><testcase classname="backend.tests.test_demo_delivery_engine.TestRegressionEndpoints" name="test_checkout_session_signal_pack" time="0.523" /></testsuite></testsuites>