<?xml version="1.0" encoding="utf-8"?><testsuites name="pytest tests"><testsuite name="pytest" errors="0" failures="0" skipped="0" tests="9" time="0.766" timestamp="2026-05-07T04:20:01.494146+00:00" hostname="agent-env-3025afb2-9f58-4efb-ab7d-d71f9d48ec1d"><testcase classname="backend.tests.test_iter68_broadcast_feed.TestBroadcastEvents" name="test_broadcast_events_key_present" time="0.457" /><testcase classname="backend.tests.test_iter68_broadcast_feed.TestBroadcastEvents" name="test_broadcast_events_max_25" time="0.000" /><testcase classname="backend.tests.test_iter68_broadcast_feed.TestBroadcastEvents" name="test_broadcast_events_required_fields" time="0.000" /><testcase classname="backend.tests.test_iter68_broadcast_feed.TestBroadcastEvents" name="test_broadcast_events_lane_values" time="0.000" /><testcase classname="backend.tests.test_iter68_broadcast_feed.TestBroadcastEvents" name="test_broadcast_events_summary_human_readable" time="0.000" /><testcase classname="backend.tests.test_iter68_broadcast_feed.TestBroadcastEvents" name="test_broadcast_events_sorted_newest_first" time="0.000" /><testcase classname="backend.tests.test_iter68_broadcast_feed.TestBroadcastEvents" name="test_broadcast_events_simulated_is_bool" time="0.000" /><testcase classname="backend.tests.test_iter68_broadcast_feed.TestAuthGating" name="test_no_auth_rejected" time="0.104" /><testcase classname="backend.tests.test_iter68_broadcast_feed.TestAuthGating" name="test_wrong_token_rejected" time="0.137" /></testsuite></testsuites>