<?xml version="1.0" encoding="utf-8"?><testsuites name="pytest tests"><testsuite name="pytest" errors="0" failures="0" skipped="0" tests="27" time="7.722" timestamp="2026-05-05T02:30:20.977463+00:00" hostname="agent-env-3025afb2-9f58-4efb-ab7d-d71f9d48ec1d"><testcase classname="tests.test_iter50_revenue_engine.TestForceReplyDay0" name="test_self_test_e2e_force_reply[education-classrooms]" time="0.428" /><testcase classname="tests.test_iter50_revenue_engine.TestForceReplyDay0" name="test_self_test_e2e_force_reply[realtor-listings]" time="0.129" /><testcase classname="tests.test_iter50_revenue_engine.TestForceReplyDay0" name="test_self_test_e2e_force_reply[supermarket-stores]" time="0.132" /><testcase classname="tests.test_iter50_revenue_engine.TestForceReplyDay0" name="test_self_test_e2e_force_reply[airport-operations]" time="0.134" /><testcase classname="tests.test_iter50_revenue_engine.TestAutoBumpAndCadence" name="test_diagnostics_still_200" time="0.139" /><testcase classname="tests.test_iter50_revenue_engine.TestAutoBumpAndCadence" name="test_run_tick_no_crash" time="0.163" /><testcase classname="tests.test_iter50_revenue_engine.TestAutoBumpAndCadence" name="test_bump_triggers_after_60min_last_email" time="0.239" /><testcase classname="tests.test_iter50_revenue_engine.TestSenderPoolRotation" name="test_sender_pool_rotates" time="0.001" /><testcase classname="tests.test_iter50_revenue_engine.TestTrackingPixel" name="test_nonexistent_track_id_returns_gif" time="0.192" /><testcase classname="tests.test_iter50_revenue_engine.TestTrackingPixel" name="test_real_track_id_creates_opened_event" time="0.180" /><testcase classname="tests.test_iter50_revenue_engine.TestResendWebhook" name="test_unmatched_resend_id" time="0.135" /><testcase classname="tests.test_iter50_revenue_engine.TestResendWebhook" name="test_secret_gating_when_env_set" time="0.108" /><testcase classname="tests.test_iter50_revenue_engine.TestPushHotLeads" name="test_founder_can_push" time="0.166" /><testcase classname="tests.test_iter50_revenue_engine.TestPushHotLeads" name="test_executive_forbidden" time="0.247" /><testcase classname="tests.test_iter50_revenue_engine.TestPushHotLeads" name="test_unauth_rejected" time="0.143" /><testcase classname="tests.test_iter50_revenue_engine.TestInstantClose" name="test_mark_replied_positive_triggers_instant_close" time="1.580" /><testcase classname="tests.test_iter50_revenue_engine.TestLeadRegistryMirror" name="test_demo_capture_creates_registry_row" time="0.273" /><testcase classname="tests.test_iter50_revenue_engine.TestPerformanceKPIs" name="test_founder_sees_new_keys" time="0.149" /><testcase classname="tests.test_iter50_revenue_engine.TestPerformanceKPIs" name="test_executive_scoped" time="0.134" /><testcase classname="tests.test_iter50_revenue_engine.TestVolumeRamp" name="test_ramp_schedule_env_read" time="1.800" /><testcase classname="tests.test_iter50_revenue_engine.TestRegression" name="test_demo_view" time="0.166" /><testcase classname="tests.test_iter50_revenue_engine.TestRegression" name="test_outbound_state" time="0.155" /><testcase classname="tests.test_iter50_revenue_engine.TestRegression" name="test_outbound_dashboard" time="0.150" /><testcase classname="tests.test_iter50_revenue_engine.TestRegression" name="test_prospects_list" time="0.293" /><testcase classname="tests.test_iter50_revenue_engine.TestRegression" name="test_diagnostics" time="0.133" /><testcase classname="tests.test_iter50_revenue_engine.TestRegression" name="test_clay_webhook_secret_gated" time="0.128" /><testcase classname="tests.test_iter50_revenue_engine.TestRegression" name="test_imap_poll_now" time="0.121" /></testsuite></testsuites>