<?xml version="1.0" encoding="utf-8"?><testsuites name="pytest tests"><testsuite name="pytest" errors="0" failures="0" skipped="0" tests="12" time="2.313" timestamp="2026-04-27T19:12:55.098663+00:00" hostname="agent-env-3025afb2-9f58-4efb-ab7d-d71f9d48ec1d"><testcase classname="backend.tests.test_lighting_engine.TestSkus" name="test_skus_list" time="0.171" /><testcase classname="backend.tests.test_lighting_engine.TestProposal" name="test_create_subscription_proposal" time="0.148" /><testcase classname="backend.tests.test_lighting_engine.TestProposal" name="test_create_purchase_proposal_cashflow" time="0.119" /><testcase classname="backend.tests.test_lighting_engine.TestProposal" name="test_invalid_deal_structure" time="0.162" /><testcase classname="backend.tests.test_lighting_engine.TestProposal" name="test_unknown_sku" time="0.116" /><testcase classname="backend.tests.test_lighting_engine.TestProposal" name="test_missing_required_fields" time="0.117" /><testcase classname="backend.tests.test_lighting_engine.TestProposal" name="test_get_proposal" time="0.152" /><testcase classname="backend.tests.test_lighting_engine.TestProposal" name="test_get_proposal_404" time="0.104" /><testcase classname="backend.tests.test_lighting_engine.TestProposal" name="test_approve_proposal" time="0.233" /><testcase classname="backend.tests.test_lighting_engine.TestPortfolio" name="test_portfolio_rollup" time="0.119" /><testcase classname="backend.tests.test_lighting_engine.TestWarranty" name="test_warranty_event_create_and_notify" time="0.648" /><testcase classname="backend.tests.test_lighting_engine.TestStats" name="test_stats" time="0.137" /></testsuite></testsuites>