<?xml version="1.0" encoding="utf-8"?><testsuites name="pytest tests"><testsuite name="pytest" errors="0" failures="2" skipped="1" tests="5" time="75.957" timestamp="2026-05-07T23:06:34.254270+00:00" hostname="agent-env-3025afb2-9f58-4efb-ab7d-d71f9d48ec1d"><testcase classname="backend.tests.test_startup_launch.TestHealth" name="test_health_endpoint" time="0.348" /><testcase classname="backend.tests.test_startup_launch.TestValidation" name="test_missing_field_returns_422" time="0.150" /><testcase classname="backend.tests.test_startup_launch.TestGenerate" name="test_generate_full_plan" time="60.120"><failure message="AssertionError: 502: The preview environment is not responding. It may be starting up.&#10;  &#10;assert 502 == 200&#10; +  where 502 = &lt;Response [502]&gt;.status_code">backend/tests/test_startup_launch.py:63: in test_generate_full_plan
    assert r.status_code == 200, f"{r.status_code}: {r.text[:600]}"
E   AssertionError: 502: The preview environment is not responding. It may be starting up.
E     
E   assert 502 == 200
E    +  where 502 = &lt;Response [502]&gt;.status_code</failure></testcase><testcase classname="backend.tests.test_startup_launch.TestFetchPlan" name="test_fetch_existing_plan" time="0.000"><skipped type="pytest.skip" message="no plan_id from generate test">/app/backend/tests/test_startup_launch.py:86: no plan_id from generate test</skipped></testcase><testcase classname="backend.tests.test_startup_launch.TestFetchPlan" name="test_fetch_nonexistent_plan_404" time="15.115"><failure message="requests.exceptions.ReadTimeout: HTTPSConnectionPool(host='bodyiq-training.preview.emergentagent.com', port=443): Read timed out. (read timeout=15)">/root/.venv/lib/python3.11/site-packages/urllib3/connectionpool.py:534: in _make_request
    response = conn.getresponse()
               ^^^^^^^^^^^^^^^^^^
/root/.venv/lib/python3.11/site-packages/urllib3/connection.py:571: in getresponse
    httplib_response = super().getresponse()
                       ^^^^^^^^^^^^^^^^^^^^^
/usr/local/lib/python3.11/http/client.py:1415: in getresponse
    response.begin()
/usr/local/lib/python3.11/http/client.py:330: in begin
    version, status, reason = self._read_status()
                              ^^^^^^^^^^^^^^^^^^^
/usr/local/lib/python3.11/http/client.py:291: in _read_status
    line = str(self.fp.readline(_MAXLINE + 1), "iso-8859-1")
               ^^^^^^^^^^^^^^^^^^^^^^^^^^^^^^
/usr/local/lib/python3.11/socket.py:718: in readinto
    return self._sock.recv_into(b)
           ^^^^^^^^^^^^^^^^^^^^^^^
/usr/local/lib/python3.11/ssl.py:1314: in recv_into
    return self.read(nbytes, buffer)
           ^^^^^^^^^^^^^^^^^^^^^^^^^
/usr/local/lib/python3.11/ssl.py:1166: in read
    return self._sslobj.read(len, buffer)
           ^^^^^^^^^^^^^^^^^^^^^^^^^^^^^^
E   TimeoutError: The read operation timed out

The above exception was the direct cause of the following exception:
/root/.venv/lib/python3.11/site-packages/requests/adapters.py:645: in send
    resp = conn.urlopen(
/root/.venv/lib/python3.11/site-packages/urllib3/connectionpool.py:841: in urlopen
    retries = retries.increment(
/root/.venv/lib/python3.11/site-packages/urllib3/util/retry.py:490: in increment
    raise reraise(type(error), error, _stacktrace)
          ^^^^^^^^^^^^^^^^^^^^^^^^^^^^^^^^^^^^^^^^
/root/.venv/lib/python3.11/site-packages/urllib3/util/util.py:39: in reraise
    raise value
/root/.venv/lib/python3.11/site-packages/urllib3/connectionpool.py:787: in urlopen
    response = self._make_request(
/root/.venv/lib/python3.11/site-packages/urllib3/connectionpool.py:536: in _make_request
    self._raise_timeout(err=e, url=url, timeout_value=read_timeout)
/root/.venv/lib/python3.11/site-packages/urllib3/connectionpool.py:367: in _raise_timeout
    raise ReadTimeoutError(
E   urllib3.exceptions.ReadTimeoutError: HTTPSConnectionPool(host='bodyiq-training.preview.emergentagent.com', port=443): Read timed out. (read timeout=15)

During handling of the above exception, another exception occurred:
backend/tests/test_startup_launch.py:99: in test_fetch_nonexistent_plan_404
    r = requests.get(f"{PREFIX}/plan/non-existent-id", timeout=15)
        ^^^^^^^^^^^^^^^^^^^^^^^^^^^^^^^^^^^^^^^^^^^^^^^^^^^^^^^^^^
/root/.venv/lib/python3.11/site-packages/requests/api.py:73: in get
    return request("get", url, params=params, **kwargs)
           ^^^^^^^^^^^^^^^^^^^^^^^^^^^^^^^^^^^^^^^^^^^^
/root/.venv/lib/python3.11/site-packages/requests/api.py:59: in request
    return session.request(method=method, url=url, **kwargs)
           ^^^^^^^^^^^^^^^^^^^^^^^^^^^^^^^^^^^^^^^^^^^^^^^^^
/root/.venv/lib/python3.11/site-packages/requests/sessions.py:592: in request
    resp = self.send(prep, **send_kwargs)
           ^^^^^^^^^^^^^^^^^^^^^^^^^^^^^^
/root/.venv/lib/python3.11/site-packages/requests/sessions.py:706: in send
    r = adapter.send(request, **kwargs)
        ^^^^^^^^^^^^^^^^^^^^^^^^^^^^^^^
/root/.venv/lib/python3.11/site-packages/requests/adapters.py:691: in send
    raise ReadTimeout(e, request=request)
E   requests.exceptions.ReadTimeout: HTTPSConnectionPool(host='bodyiq-training.preview.emergentagent.com', port=443): Read timed out. (read timeout=15)</failure></testcase></testsuite></testsuites>