<?xml version="1.0" encoding="utf-8"?><testsuites name="pytest tests"><testsuite name="pytest" errors="0" failures="0" skipped="0" tests="20" time="2.072" timestamp="2026-04-24T19:39:27.285596+00:00" hostname="agent-env-3025afb2-9f58-4efb-ab7d-d71f9d48ec1d"><testcase classname="backend.tests.test_bodyiq_api" name="test_create_lead_valid_source[demo]" time="0.768" /><testcase classname="backend.tests.test_bodyiq_api" name="test_create_lead_valid_source[demo_training]" time="0.056" /><testcase classname="backend.tests.test_bodyiq_api" name="test_create_lead_valid_source[training]" time="0.050" /><testcase classname="backend.tests.test_bodyiq_api" name="test_create_lead_valid_source[contact]" time="0.053" /><testcase classname="backend.tests.test_bodyiq_api" name="test_create_lead_valid_source[newsletter]" time="0.058" /><testcase classname="backend.tests.test_bodyiq_api" name="test_create_lead_valid_source[home]" time="0.053" /><testcase classname="backend.tests.test_bodyiq_api" name="test_create_lead_valid_source[forensic_library]" time="0.056" /><testcase classname="backend.tests.test_bodyiq_api" name="test_create_lead_invalid_source" time="0.057" /><testcase classname="backend.tests.test_bodyiq_api" name="test_create_lead_invalid_email" time="0.053" /><testcase classname="backend.tests.test_bodyiq_api" name="test_create_lead_with_message" time="0.053" /><testcase classname="backend.tests.test_bodyiq_api" name="test_admin_login_wrong_password" time="0.066" /><testcase classname="backend.tests.test_bodyiq_api" name="test_admin_login_correct_password" time="0.052" /><testcase classname="backend.tests.test_bodyiq_api" name="test_admin_leads_requires_auth" time="0.057" /><testcase classname="backend.tests.test_bodyiq_api" name="test_admin_leads_with_token" time="0.058" /><testcase classname="backend.tests.test_bodyiq_api" name="test_admin_leads_invalid_token" time="0.056" /><testcase classname="backend.tests.test_bodyiq_api" name="test_admin_stats" time="0.060" /><testcase classname="backend.tests.test_bodyiq_api" name="test_admin_stats_requires_auth" time="0.054" /><testcase classname="backend.tests.test_bodyiq_api" name="test_admin_csv_export" time="0.076" /><testcase classname="backend.tests.test_bodyiq_api" name="test_admin_csv_export_requires_token" time="0.049" /><testcase classname="backend.tests.test_bodyiq_api" name="test_admin_logout_invalidates_token" time="0.203" /></testsuite></testsuites>