<?xml version="1.0" encoding="utf-8"?><testsuites name="pytest tests"><testsuite name="pytest" errors="0" failures="0" skipped="0" tests="34" time="5.301" timestamp="2026-04-24T20:27:01.301126+00:00" hostname="agent-env-3025afb2-9f58-4efb-ab7d-d71f9d48ec1d"><testcase classname="backend.tests.test_bodyiq_api" name="test_create_lead_valid_source[demo]" time="0.217" /><testcase classname="backend.tests.test_bodyiq_api" name="test_create_lead_valid_source[demo_training]" time="0.065" /><testcase classname="backend.tests.test_bodyiq_api" name="test_create_lead_valid_source[training]" time="0.058" /><testcase classname="backend.tests.test_bodyiq_api" name="test_create_lead_valid_source[contact]" time="0.053" /><testcase classname="backend.tests.test_bodyiq_api" name="test_create_lead_valid_source[newsletter]" time="0.058" /><testcase classname="backend.tests.test_bodyiq_api" name="test_create_lead_valid_source[home]" time="0.052" /><testcase classname="backend.tests.test_bodyiq_api" name="test_create_lead_valid_source[forensic_library]" time="0.053" /><testcase classname="backend.tests.test_bodyiq_api" name="test_create_lead_invalid_source" time="0.051" /><testcase classname="backend.tests.test_bodyiq_api" name="test_create_lead_invalid_email" time="0.049" /><testcase classname="backend.tests.test_bodyiq_api" name="test_create_lead_with_message" time="0.049" /><testcase classname="backend.tests.test_bodyiq_api" name="test_admin_login_wrong_password" time="0.050" /><testcase classname="backend.tests.test_bodyiq_api" name="test_admin_login_correct_password" time="0.050" /><testcase classname="backend.tests.test_bodyiq_api" name="test_admin_leads_requires_auth" time="0.051" /><testcase classname="backend.tests.test_bodyiq_api" name="test_admin_leads_with_token" time="0.053" /><testcase classname="backend.tests.test_bodyiq_api" name="test_admin_leads_invalid_token" time="0.048" /><testcase classname="backend.tests.test_bodyiq_api" name="test_admin_stats" time="0.048" /><testcase classname="backend.tests.test_bodyiq_api" name="test_admin_stats_requires_auth" time="0.046" /><testcase classname="backend.tests.test_bodyiq_api" name="test_admin_csv_export" time="0.055" /><testcase classname="backend.tests.test_bodyiq_api" name="test_admin_csv_export_requires_token" time="0.047" /><testcase classname="backend.tests.test_bodyiq_api" name="test_admin_logout_invalidates_token" time="0.196" /><testcase classname="backend.tests.test_bodyiq_checkout" name="test_products_returns_three_items" time="0.164" /><testcase classname="backend.tests.test_bodyiq_checkout" name="test_create_checkout_session_each_product[foundations]" time="0.541" /><testcase classname="backend.tests.test_bodyiq_checkout" name="test_create_checkout_session_each_product[applied]" time="0.453" /><testcase classname="backend.tests.test_bodyiq_checkout" name="test_create_checkout_session_each_product[forensic_library]" time="0.407" /><testcase classname="backend.tests.test_bodyiq_checkout" name="test_create_checkout_session_invalid_product" time="0.049" /><testcase classname="backend.tests.test_bodyiq_checkout" name="test_create_checkout_session_origin_url_honored" time="0.470" /><testcase classname="backend.tests.test_bodyiq_checkout" name="test_checkout_status_for_valid_session" time="0.657" /><testcase classname="backend.tests.test_bodyiq_checkout" name="test_checkout_status_invalid_session" time="0.050" /><testcase classname="backend.tests.test_bodyiq_checkout" name="test_checkout_status_valid_session_returns_db_fallback_fields" time="0.693" /><testcase classname="backend.tests.test_bodyiq_checkout" name="test_admin_transactions_requires_auth" time="0.049" /><testcase classname="backend.tests.test_bodyiq_checkout" name="test_admin_transactions_returns_list" time="0.098" /><testcase classname="backend.tests.test_bodyiq_checkout" name="test_lead_contact_source_no_email_exception" time="0.049" /><testcase classname="backend.tests.test_bodyiq_checkout" name="test_lead_demo_source_no_email_exception" time="0.046" /><testcase classname="backend.tests.test_bodyiq_checkout" name="test_lead_reservation_example_com_skip_email" time="0.058" /></testsuite></testsuites>