<?xml version="1.0" encoding="utf-8"?><testsuites name="pytest tests"><testsuite name="pytest" errors="0" failures="0" skipped="0" tests="14" time="10.870" timestamp="2026-04-25T16:50:41.878414+00:00" hostname="agent-env-3025afb2-9f58-4efb-ab7d-d71f9d48ec1d"><testcase classname="backend.tests.test_realtor_demo" name="test_health" time="0.243" /><testcase classname="backend.tests.test_realtor_demo" name="test_tts_speak_returns_audio" time="2.218" /><testcase classname="backend.tests.test_realtor_demo" name="test_tts_speak_cache_is_faster_on_second_call" time="3.340" /><testcase classname="backend.tests.test_realtor_demo" name="test_tts_invalid_voice_falls_back" time="2.002" /><testcase classname="backend.tests.test_realtor_demo" name="test_lead_analyze_buyer" time="2.540" /><testcase classname="backend.tests.test_realtor_demo" name="test_lead_analyze_too_short" time="0.047" /><testcase classname="backend.tests.test_realtor_demo" name="test_frontend_routes_load[/]" time="0.059" /><testcase classname="backend.tests.test_realtor_demo" name="test_frontend_routes_load[/demo]" time="0.047" /><testcase classname="backend.tests.test_realtor_demo" name="test_frontend_routes_load[/demo/realtor]" time="0.049" /><testcase classname="backend.tests.test_realtor_demo" name="test_frontend_routes_load[/training]" time="0.049" /><testcase classname="backend.tests.test_realtor_demo" name="test_frontend_routes_load[/library]" time="0.049" /><testcase classname="backend.tests.test_realtor_demo" name="test_frontend_routes_load[/contact]" time="0.045" /><testcase classname="backend.tests.test_realtor_demo" name="test_frontend_routes_load[/admin]" time="0.050" /><testcase classname="backend.tests.test_realtor_demo" name="test_products_endpoint" time="0.055" /></testsuite></testsuites>